Build started 9/24/2018 11:05:18 AM.
     1>Project "C:\Users\johan\Desktop\IT266\quake4\idlib.vcxproj" on node 2 (Build target(s)).
     1>ClCompile:
         C:\Program Files (x86)\Microsoft Visual Studio 12.0\VC\bin\CL.exe /c /Imssdk/include /ZI /nologo /W4 /WX- /Od /Oy- /D _DEBUG /D _WINDOWS /D Q4SDK /D _MBCS /Gm- /EHsc /RTC1 /MTd /GS /Gy /fp:precise /Zc:wchar_t /Zc:forScope /GR /Yc /Fp"../Win32/Debug\idLib/idLib.pch" /Fo"../Win32/Debug\idLib/" /Fd"../Win32/Debug\idLib.pdb" /Gd /TP /analyze- /errorReport:prompt idlib\Lib.cpp
         Lib.cpp
     1>c:\users\johan\desktop\it266\quake4\idlib\lib.h(120): warning C4996: 'strcpy': This function or variable may be unsafe. Consider using strcpy_s instead. To disable deprecation, use _CRT_SECURE_NO_WARNINGS. See online help for details.
                 c:\program files (x86)\microsoft visual studio 12.0\vc\include\string.h(112) : see declaration of 'strcpy'
     1>c:\users\johan\desktop\it266\quake4\idlib\str.h(406): warning C4996: 'strcpy': This function or variable may be unsafe. Consider using strcpy_s instead. To disable deprecation, use _CRT_SECURE_NO_WARNINGS. See online help for details.
                 c:\program files (x86)\microsoft visual studio 12.0\vc\include\string.h(112) : see declaration of 'strcpy'
     1>c:\users\johan\desktop\it266\quake4\idlib\str.h(446): warning C4996: 'strcpy': This function or variable may be unsafe. Consider using strcpy_s instead. To disable deprecation, use _CRT_SECURE_NO_WARNINGS. See online help for details.
                 c:\program files (x86)\microsoft visual studio 12.0\vc\include\string.h(112) : see declaration of 'strcpy'
     1>c:\users\johan\desktop\it266\quake4\idlib\str.h(501): warning C4996: 'sprintf': This function or variable may be unsafe. Consider using sprintf_s instead. To disable deprecation, use _CRT_SECURE_NO_WARNINGS. See online help for details.
                 c:\program files (x86)\microsoft visual studio 12.0\vc\include\stdio.h(356) : see declaration of 'sprintf'
     1>c:\users\johan\desktop\it266\quake4\idlib\str.h(503): warning C4996: 'strcpy': This function or variable may be unsafe. Consider using strcpy_s instead. To disable deprecation, use _CRT_SECURE_NO_WARNINGS. See online help for details.
                 c:\program files (x86)\microsoft visual studio 12.0\vc\include\string.h(112) : see declaration of 'strcpy'
     1>c:\users\johan\desktop\it266\quake4\idlib\str.h(512): warning C4996: 'sprintf': This function or variable may be unsafe. Consider using sprintf_s instead. To disable deprecation, use _CRT_SECURE_NO_WARNINGS. See online help for details.
                 c:\program files (x86)\microsoft visual studio 12.0\vc\include\stdio.h(356) : see declaration of 'sprintf'
     1>c:\users\johan\desktop\it266\quake4\idlib\str.h(514): warning C4996: 'strcpy': This function or variable may be unsafe. Consider using strcpy_s instead. To disable deprecation, use _CRT_SECURE_NO_WARNINGS. See online help for details.
                 c:\program files (x86)\microsoft visual studio 12.0\vc\include\string.h(112) : see declaration of 'strcpy'
     1>c:\users\johan\desktop\it266\quake4\idlib\str.h(527): warning C4996: 'strcpy': This function or variable may be unsafe. Consider using strcpy_s instead. To disable deprecation, use _CRT_SECURE_NO_WARNINGS. See online help for details.
                 c:\program files (x86)\microsoft visual studio 12.0\vc\include\string.h(112) : see declaration of 'strcpy'
     1>c:\users\johan\desktop\it266\quake4\idlib\str.h(605): warning C4996: 'sprintf': This function or variable may be unsafe. Consider using sprintf_s instead. To disable deprecation, use _CRT_SECURE_NO_WARNINGS. See online help for details.
                 c:\program files (x86)\microsoft visual studio 12.0\vc\include\stdio.h(356) : see declaration of 'sprintf'
     1>c:\users\johan\desktop\it266\quake4\idlib\str.h(615): warning C4996: 'sprintf': This function or variable may be unsafe. Consider using sprintf_s instead. To disable deprecation, use _CRT_SECURE_NO_WARNINGS. See online help for details.
                 c:\program files (x86)\microsoft visual studio 12.0\vc\include\stdio.h(356) : see declaration of 'sprintf'
     1>c:\users\johan\desktop\it266\quake4\idlib\str.h(625): warning C4996: 'sprintf': This function or variable may be unsafe. Consider using sprintf_s instead. To disable deprecation, use _CRT_SECURE_NO_WARNINGS. See online help for details.
                 c:\program files (x86)\microsoft visual studio 12.0\vc\include\stdio.h(356) : see declaration of 'sprintf'
     1>c:\users\johan\desktop\it266\quake4\idlib\str.h(634): warning C4996: 'sprintf': This function or variable may be unsafe. Consider using sprintf_s instead. To disable deprecation, use _CRT_SECURE_NO_WARNINGS. See online help for details.
                 c:\program files (x86)\microsoft visual studio 12.0\vc\include\stdio.h(356) : see declaration of 'sprintf'
     1>c:\users\johan\desktop\it266\quake4\idlib\str.h(643): warning C4996: 'sprintf': This function or variable may be unsafe. Consider using sprintf_s instead. To disable deprecation, use _CRT_SECURE_NO_WARNINGS. See online help for details.
                 c:\program files (x86)\microsoft visual studio 12.0\vc\include\stdio.h(356) : see declaration of 'sprintf'
     1>c:\users\johan\desktop\it266\quake4\idlib\str.h(652): warning C4996: 'sprintf': This function or variable may be unsafe. Consider using sprintf_s instead. To disable deprecation, use _CRT_SECURE_NO_WARNINGS. See online help for details.
                 c:\program files (x86)\microsoft visual studio 12.0\vc\include\stdio.h(356) : see declaration of 'sprintf'
     1>c:\users\johan\desktop\it266\quake4\idlib\base64.h(80): warning C4996: 'strcpy': This function or variable may be unsafe. Consider using strcpy_s instead. To disable deprecation, use _CRT_SECURE_NO_WARNINGS. See online help for details.
                 c:\program files (x86)\microsoft visual studio 12.0\vc\include\string.h(112) : see declaration of 'strcpy'
     1>c:\users\johan\desktop\it266\quake4\game\script\script_interpreter.h(151): warning C4996: 'sprintf': This function or variable may be unsafe. Consider using sprintf_s instead. To disable deprecation, use _CRT_SECURE_NO_WARNINGS. See online help for details.
                 c:\program files (x86)\microsoft visual studio 12.0\vc\include\stdio.h(356) : see declaration of 'sprintf'
     1>c:\users\johan\desktop\it266\quake4\game\script\script_interpreter.h(153): warning C4996: 'sprintf': This function or variable may be unsafe. Consider using sprintf_s instead. To disable deprecation, use _CRT_SECURE_NO_WARNINGS. See online help for details.
                 c:\program files (x86)\microsoft visual studio 12.0\vc\include\stdio.h(356) : see declaration of 'sprintf'
         C:\Program Files (x86)\Microsoft Visual Studio 12.0\VC\bin\CL.exe /c /Imssdk/include /ZI /nologo /W4 /WX- /Od /Oy- /D _DEBUG /D _WINDOWS /D Q4SDK /D _MBCS /Gm- /EHsc /RTC1 /MTd /GS /Gy /fp:precise /Zc:wchar_t /Zc:forScope /GR /Yu /Fp"../Win32/Debug\idLib/idLib.pch" /Fo"../Win32/Debug\idLib/" /Fd"../Win32/Debug\idLib.pdb" /Gd /TP /analyze- /errorReport:prompt idlib\Base64.cpp idlib\BitMsg.cpp idlib\CmdArgs.cpp idlib\Dict.cpp idlib\Heap.cpp idlib\LangDict.cpp idlib\Lexer.cpp idlib\LexerFactory.cpp idlib\mapfile.cpp idlib\Parser.cpp idlib\rvHeap.cpp idlib\rvHeapArena.cpp idlib\rvMemSys.cpp idlib\Str.cpp idlib\TextCompiler.cpp idlib\Timer.cpp idlib\TimingCollection.cpp idlib\Token.cpp idlib\bv\Bounds.cpp idlib\bv\Box.cpp idlib\bv\Frustum.cpp idlib\bv\Sphere.cpp idlib\containers\HashIndex.cpp idlib\geometry\JointTransform.cpp idlib\geometry\Surface.cpp idlib\geometry\Surface_Patch.cpp idlib\geometry\Surface_Polytope.cpp idlib\geometry\Surface_SweptSpline.cpp idlib\geometry\TraceModel.cpp idlib\geometry\Winding.cpp idlib\geometry\Winding2D.cpp idlib\math\Angles.cpp idlib\math\Complex.cpp idlib\math\FFT.cpp idlib\math\Lcp.cpp idlib\math\Math.cpp idlib\math\Matrix.cpp idlib\math\Ode.cpp idlib\math\Plane.cpp idlib\math\Pluecker.cpp idlib\math\Polynomial.cpp idlib\math\Quat.cpp idlib\math\Radians.cpp idlib\math\Rotation.cpp idlib\math\Simd.cpp idlib\math\Simd_3DNow.cpp idlib\math\Simd_generic.cpp idlib\math\Simd_MMX.cpp idlib\math\Simd_SSE.cpp idlib\math\Simd_SSE2.cpp idlib\math\Simd_SSE3.cpp idlib\math\Vector.cpp idlib\hashing\CRC16.cpp idlib\hashing\CRC32.cpp idlib\hashing\CRC8.cpp idlib\hashing\Honeyman.cpp idlib\hashing\MD4.cpp idlib\hashing\MD5.cpp
         Base64.cpp
         BitMsg.cpp
         CmdArgs.cpp
     1>c:\users\johan\desktop\it266\quake4\idlib\cmdargs.cpp(2): warning C4627: '#include "../idlib/precompiled.h"': skipped when looking for precompiled header use
                 Add directive to 'precompiled header (.h) file' or rebuild precompiled header
     1>c:\users\johan\desktop\it266\quake4\idlib\cmdargs.cpp(36): warning C4996: 'strcat': This function or variable may be unsafe. Consider using strcat_s instead. To disable deprecation, use _CRT_SECURE_NO_WARNINGS. See online help for details.
                 c:\program files (x86)\microsoft visual studio 12.0\vc\include\string.h(118) : see declaration of 'strcat'
     1>c:\users\johan\desktop\it266\quake4\idlib\cmdargs.cpp(41): warning C4996: 'strcat': This function or variable may be unsafe. Consider using strcat_s instead. To disable deprecation, use _CRT_SECURE_NO_WARNINGS. See online help for details.
                 c:\program files (x86)\microsoft visual studio 12.0\vc\include\string.h(118) : see declaration of 'strcat'
     1>c:\users\johan\desktop\it266\quake4\idlib\cmdargs.cpp(43): warning C4996: 'strcat': This function or variable may be unsafe. Consider using strcat_s instead. To disable deprecation, use _CRT_SECURE_NO_WARNINGS. See online help for details.
                 c:\program files (x86)\microsoft visual studio 12.0\vc\include\string.h(118) : see declaration of 'strcat'
     1>c:\users\johan\desktop\it266\quake4\idlib\cmdargs.cpp(50): warning C4996: 'strcat': This function or variable may be unsafe. Consider using strcat_s instead. To disable deprecation, use _CRT_SECURE_NO_WARNINGS. See online help for details.
                 c:\program files (x86)\microsoft visual studio 12.0\vc\include\string.h(118) : see declaration of 'strcat'
     1>c:\users\johan\desktop\it266\quake4\idlib\cmdargs.cpp(59): warning C4996: 'strcat': This function or variable may be unsafe. Consider using strcat_s instead. To disable deprecation, use _CRT_SECURE_NO_WARNINGS. See online help for details.
                 c:\program files (x86)\microsoft visual studio 12.0\vc\include\string.h(118) : see declaration of 'strcat'
     1>c:\users\johan\desktop\it266\quake4\idlib\cmdargs.cpp(63): warning C4996: 'strcat': This function or variable may be unsafe. Consider using strcat_s instead. To disable deprecation, use _CRT_SECURE_NO_WARNINGS. See online help for details.
                 c:\program files (x86)\microsoft visual studio 12.0\vc\include\string.h(118) : see declaration of 'strcat'
         Dict.cpp
     1>c:\users\johan\desktop\it266\quake4\idlib\dict.cpp(338): warning C4996: 'sscanf': This function or variable may be unsafe. Consider using sscanf_s instead. To disable deprecation, use _CRT_SECURE_NO_WARNINGS. See online help for details.
                 c:\program files (x86)\microsoft visual studio 12.0\vc\include\stdio.h(304) : see declaration of 'sscanf'
     1>c:\users\johan\desktop\it266\quake4\idlib\dict.cpp(357): warning C4996: 'sscanf': This function or variable may be unsafe. Consider using sscanf_s instead. To disable deprecation, use _CRT_SECURE_NO_WARNINGS. See online help for details.
                 c:\program files (x86)\microsoft visual studio 12.0\vc\include\stdio.h(304) : see declaration of 'sscanf'
     1>c:\users\johan\desktop\it266\quake4\idlib\dict.cpp(376): warning C4996: 'sscanf': This function or variable may be unsafe. Consider using sscanf_s instead. To disable deprecation, use _CRT_SECURE_NO_WARNINGS. See online help for details.
                 c:\program files (x86)\microsoft visual studio 12.0\vc\include\stdio.h(304) : see declaration of 'sscanf'
     1>c:\users\johan\desktop\it266\quake4\idlib\dict.cpp(395): warning C4996: 'sscanf': This function or variable may be unsafe. Consider using sscanf_s instead. To disable deprecation, use _CRT_SECURE_NO_WARNINGS. See online help for details.
                 c:\program files (x86)\microsoft visual studio 12.0\vc\include\stdio.h(304) : see declaration of 'sscanf'
     1>c:\users\johan\desktop\it266\quake4\idlib\dict.cpp(414): warning C4996: 'sscanf': This function or variable may be unsafe. Consider using sscanf_s instead. To disable deprecation, use _CRT_SECURE_NO_WARNINGS. See online help for details.
                 c:\program files (x86)\microsoft visual studio 12.0\vc\include\stdio.h(304) : see declaration of 'sscanf'
         Heap.cpp
     1>c:\users\johan\desktop\it266\quake4\idlib\heap.cpp(2): warning C4627: '#include "../idlib/precompiled.h"': skipped when looking for precompiled header use
                 Add directive to 'precompiled header (.h) file' or rebuild precompiled header
     1>c:\users\johan\desktop\it266\quake4\idlib\heap.cpp(1639): warning C4996: 'strcpy': This function or variable may be unsafe. Consider using strcpy_s instead. To disable deprecation, use _CRT_SECURE_NO_WARNINGS. See online help for details.
                 c:\program files (x86)\microsoft visual studio 12.0\vc\include\string.h(112) : see declaration of 'strcpy'
         LangDict.cpp
         Lexer.cpp
     1>c:\users\johan\desktop\it266\quake4\idlib\lexer.cpp(625): warning C4996: 'vsprintf': This function or variable may be unsafe. Consider using vsprintf_s instead. To disable deprecation, use _CRT_SECURE_NO_WARNINGS. See online help for details.
                 c:\program files (x86)\microsoft visual studio 12.0\vc\include\stdio.h(356) : see declaration of 'vsprintf'
     1>c:\users\johan\desktop\it266\quake4\idlib\lexer.cpp(649): warning C4996: 'vsprintf': This function or variable may be unsafe. Consider using vsprintf_s instead. To disable deprecation, use _CRT_SECURE_NO_WARNINGS. See online help for details.
                 c:\program files (x86)\microsoft visual studio 12.0\vc\include\stdio.h(356) : see declaration of 'vsprintf'
     1>c:\users\johan\desktop\it266\quake4\idlib\lexer.cpp(2750): warning C4996: 'vsprintf': This function or variable may be unsafe. Consider using vsprintf_s instead. To disable deprecation, use _CRT_SECURE_NO_WARNINGS. See online help for details.
                 c:\program files (x86)\microsoft visual studio 12.0\vc\include\stdio.h(356) : see declaration of 'vsprintf'
     1>c:\users\johan\desktop\it266\quake4\idlib\lexer.cpp(2761): warning C4996: 'vsprintf': This function or variable may be unsafe. Consider using vsprintf_s instead. To disable deprecation, use _CRT_SECURE_NO_WARNINGS. See online help for details.
                 c:\program files (x86)\microsoft visual studio 12.0\vc\include\stdio.h(356) : see declaration of 'vsprintf'
         LexerFactory.cpp
         mapfile.cpp
     1>c:\users\johan\desktop\it266\quake4\idlib\mapfile.cpp(726): warning C4996: 'sscanf': This function or variable may be unsafe. Consider using sscanf_s instead. To disable deprecation, use _CRT_SECURE_NO_WARNINGS. See online help for details.
                 c:\program files (x86)\microsoft visual studio 12.0\vc\include\stdio.h(304) : see declaration of 'sscanf'
     1>c:\users\johan\desktop\it266\quake4\idlib\mapfile.cpp(1197): warning C4996: 'sprintf': This function or variable may be unsafe. Consider using sprintf_s instead. To disable deprecation, use _CRT_SECURE_NO_WARNINGS. See online help for details.
                 c:\program files (x86)\microsoft visual studio 12.0\vc\include\stdio.h(356) : see declaration of 'sprintf'
     1>c:\users\johan\desktop\it266\quake4\idlib\mapfile.cpp(1307): warning C4996: 'sprintf': This function or variable may be unsafe. Consider using sprintf_s instead. To disable deprecation, use _CRT_SECURE_NO_WARNINGS. See online help for details.
                 c:\program files (x86)\microsoft visual studio 12.0\vc\include\stdio.h(356) : see declaration of 'sprintf'
         Parser.cpp
     1>c:\users\johan\desktop\it266\quake4\idlib\parser.cpp(218): warning C4996: 'strcpy': This function or variable may be unsafe. Consider using strcpy_s instead. To disable deprecation, use _CRT_SECURE_NO_WARNINGS. See online help for details.
                 c:\program files (x86)\microsoft visual studio 12.0\vc\include\string.h(112) : see declaration of 'strcpy'
     1>c:\users\johan\desktop\it266\quake4\idlib\parser.cpp(301): warning C4996: 'vsprintf': This function or variable may be unsafe. Consider using vsprintf_s instead. To disable deprecation, use _CRT_SECURE_NO_WARNINGS. See online help for details.
                 c:\program files (x86)\microsoft visual studio 12.0\vc\include\stdio.h(356) : see declaration of 'vsprintf'
     1>c:\users\johan\desktop\it266\quake4\idlib\parser.cpp(318): warning C4996: 'vsprintf': This function or variable may be unsafe. Consider using vsprintf_s instead. To disable deprecation, use _CRT_SECURE_NO_WARNINGS. See online help for details.
                 c:\program files (x86)\microsoft visual studio 12.0\vc\include\stdio.h(356) : see declaration of 'vsprintf'
     1>c:\users\johan\desktop\it266\quake4\idlib\parser.cpp(626): warning C4996: 'strcpy': This function or variable may be unsafe. Consider using strcpy_s instead. To disable deprecation, use _CRT_SECURE_NO_WARNINGS. See online help for details.
                 c:\program files (x86)\microsoft visual studio 12.0\vc\include\string.h(112) : see declaration of 'strcpy'
     1>c:\users\johan\desktop\it266\quake4\idlib\parser.cpp(667): warning C4996: 'sprintf': This function or variable may be unsafe. Consider using sprintf_s instead. To disable deprecation, use _CRT_SECURE_NO_WARNINGS. See online help for details.
                 c:\program files (x86)\microsoft visual studio 12.0\vc\include\stdio.h(356) : see declaration of 'sprintf'
     1>c:\users\johan\desktop\it266\quake4\idlib\parser.cpp(693): warning C4996: 'ctime': This function or variable may be unsafe. Consider using ctime_s instead. To disable deprecation, use _CRT_SECURE_NO_WARNINGS. See online help for details.
                 c:\program files (x86)\microsoft visual studio 12.0\vc\include\time.inl(86) : see declaration of 'ctime'
     1>c:\users\johan\desktop\it266\quake4\idlib\parser.cpp(712): warning C4996: 'ctime': This function or variable may be unsafe. Consider using ctime_s instead. To disable deprecation, use _CRT_SECURE_NO_WARNINGS. See online help for details.
                 c:\program files (x86)\microsoft visual studio 12.0\vc\include\time.inl(86) : see declaration of 'ctime'
     1>c:\users\johan\desktop\it266\quake4\idlib\parser.cpp(1084): warning C4996: 'strcpy': This function or variable may be unsafe. Consider using strcpy_s instead. To disable deprecation, use _CRT_SECURE_NO_WARNINGS. See online help for details.
                 c:\program files (x86)\microsoft visual studio 12.0\vc\include\string.h(112) : see declaration of 'strcpy'
     1>c:\users\johan\desktop\it266\quake4\idlib\parser.cpp(2110): warning C4996: 'sprintf': This function or variable may be unsafe. Consider using sprintf_s instead. To disable deprecation, use _CRT_SECURE_NO_WARNINGS. See online help for details.
                 c:\program files (x86)\microsoft visual studio 12.0\vc\include\stdio.h(356) : see declaration of 'sprintf'
     1>c:\users\johan\desktop\it266\quake4\idlib\parser.cpp(2140): warning C4996: 'sprintf': This function or variable may be unsafe. Consider using sprintf_s instead. To disable deprecation, use _CRT_SECURE_NO_WARNINGS. See online help for details.
                 c:\program files (x86)\microsoft visual studio 12.0\vc\include\stdio.h(356) : see declaration of 'sprintf'
     1>c:\users\johan\desktop\it266\quake4\idlib\parser.cpp(2249): warning C4996: 'sprintf': This function or variable may be unsafe. Consider using sprintf_s instead. To disable deprecation, use _CRT_SECURE_NO_WARNINGS. See online help for details.
                 c:\program files (x86)\microsoft visual studio 12.0\vc\include\stdio.h(356) : see declaration of 'sprintf'
     1>c:\users\johan\desktop\it266\quake4\idlib\parser.cpp(2281): warning C4996: 'sprintf': This function or variable may be unsafe. Consider using sprintf_s instead. To disable deprecation, use _CRT_SECURE_NO_WARNINGS. See online help for details.
                 c:\program files (x86)\microsoft visual studio 12.0\vc\include\stdio.h(356) : see declaration of 'sprintf'
         rvHeap.cpp
     1>c:\users\johan\desktop\it266\quake4\idlib\rvheap.cpp(7): warning C4627: '#include "../idlib/precompiled.h"': skipped when looking for precompiled header use
                 Add directive to 'precompiled header (.h) file' or rebuild precompiled header
         rvHeapArena.cpp
     1>c:\users\johan\desktop\it266\quake4\idlib\rvheaparena.cpp(7): warning C4627: '#include "../idlib/precompiled.h"': skipped when looking for precompiled header use
                 Add directive to 'precompiled header (.h) file' or rebuild precompiled header
         rvMemSys.cpp
     1>c:\users\johan\desktop\it266\quake4\idlib\rvmemsys.cpp(7): warning C4627: '#include "../idlib/precompiled.h"': skipped when looking for precompiled header use
                 Add directive to 'precompiled header (.h) file' or rebuild precompiled header
         Str.cpp
     1>c:\users\johan\desktop\it266\quake4\idlib\str.cpp(217): warning C4996: 'strcpy': This function or variable may be unsafe. Consider using strcpy_s instead. To disable deprecation, use _CRT_SECURE_NO_WARNINGS. See online help for details.
                 c:\program files (x86)\microsoft visual studio 12.0\vc\include\string.h(112) : see declaration of 'strcpy'
     1>c:\users\johan\desktop\it266\quake4\idlib\str.cpp(298): warning C4996: 'strcpy': This function or variable may be unsafe. Consider using strcpy_s instead. To disable deprecation, use _CRT_SECURE_NO_WARNINGS. See online help for details.
                 c:\program files (x86)\microsoft visual studio 12.0\vc\include\string.h(112) : see declaration of 'strcpy'
     1>c:\users\johan\desktop\it266\quake4\idlib\str.cpp(1685): warning C4996: 'strncpy': This function or variable may be unsafe. Consider using strncpy_s instead. To disable deprecation, use _CRT_SECURE_NO_WARNINGS. See online help for details.
                 c:\program files (x86)\microsoft visual studio 12.0\vc\include\string.h(195) : see declaration of 'strncpy'
     1>c:\users\johan\desktop\it266\quake4\idlib\str.cpp(1849): warning C4996: 'vsprintf': This function or variable may be unsafe. Consider using vsprintf_s instead. To disable deprecation, use _CRT_SECURE_NO_WARNINGS. See online help for details.
                 c:\program files (x86)\microsoft visual studio 12.0\vc\include\stdio.h(356) : see declaration of 'vsprintf'
     1>c:\users\johan\desktop\it266\quake4\idlib\str.cpp(1885): warning C4996: '_vsnprintf': This function or variable may be unsafe. Consider using _vsnprintf_s instead. To disable deprecation, use _CRT_SECURE_NO_WARNINGS. See online help for details.
                 c:\program files (x86)\microsoft visual studio 12.0\vc\include\stdio.h(346) : see declaration of '_vsnprintf'
     1>c:\users\johan\desktop\it266\quake4\idlib\str.cpp(1959): warning C4996: 'vsprintf': This function or variable may be unsafe. Consider using vsprintf_s instead. To disable deprecation, use _CRT_SECURE_NO_WARNINGS. See online help for details.
                 c:\program files (x86)\microsoft visual studio 12.0\vc\include\stdio.h(356) : see declaration of 'vsprintf'
         TextCompiler.cpp
         Timer.cpp
         TimingCollection.cpp
     1>c:\users\johan\desktop\it266\quake4\idlib\timingcollection.cpp(78): warning C4996: 'sprintf': This function or variable may be unsafe. Consider using sprintf_s instead. To disable deprecation, use _CRT_SECURE_NO_WARNINGS. See online help for details.
                 c:\program files (x86)\microsoft visual studio 12.0\vc\include\stdio.h(356) : see declaration of 'sprintf'
     1>c:\users\johan\desktop\it266\quake4\idlib\timingcollection.cpp(92): warning C4996: 'sprintf': This function or variable may be unsafe. Consider using sprintf_s instead. To disable deprecation, use _CRT_SECURE_NO_WARNINGS. See online help for details.
                 c:\program files (x86)\microsoft visual studio 12.0\vc\include\stdio.h(356) : see declaration of 'sprintf'
     1>c:\users\johan\desktop\it266\quake4\idlib\timingcollection.cpp(95): warning C4996: 'sprintf': This function or variable may be unsafe. Consider using sprintf_s instead. To disable deprecation, use _CRT_SECURE_NO_WARNINGS. See online help for details.
                 c:\program files (x86)\microsoft visual studio 12.0\vc\include\stdio.h(356) : see declaration of 'sprintf'
     1>c:\users\johan\desktop\it266\quake4\idlib\timingcollection.cpp(200): warning C4996: 'sprintf': This function or variable may be unsafe. Consider using sprintf_s instead. To disable deprecation, use _CRT_SECURE_NO_WARNINGS. See online help for details.
                 c:\program files (x86)\microsoft visual studio 12.0\vc\include\stdio.h(356) : see declaration of 'sprintf'
     1>c:\users\johan\desktop\it266\quake4\idlib\timingcollection.cpp(204): warning C4996: 'sprintf': This function or variable may be unsafe. Consider using sprintf_s instead. To disable deprecation, use _CRT_SECURE_NO_WARNINGS. See online help for details.
                 c:\program files (x86)\microsoft visual studio 12.0\vc\include\stdio.h(356) : see declaration of 'sprintf'
     1>c:\users\johan\desktop\it266\quake4\idlib\timingcollection.cpp(212): warning C4996: 'sprintf': This function or variable may be unsafe. Consider using sprintf_s instead. To disable deprecation, use _CRT_SECURE_NO_WARNINGS. See online help for details.
                 c:\program files (x86)\microsoft visual studio 12.0\vc\include\stdio.h(356) : see declaration of 'sprintf'
     1>c:\users\johan\desktop\it266\quake4\idlib\timingcollection.cpp(217): warning C4996: 'sprintf': This function or variable may be unsafe. Consider using sprintf_s instead. To disable deprecation, use _CRT_SECURE_NO_WARNINGS. See online help for details.
                 c:\program files (x86)\microsoft visual studio 12.0\vc\include\stdio.h(356) : see declaration of 'sprintf'
         Token.cpp
         Bounds.cpp
     1>c:\users\johan\desktop\it266\quake4\idlib\bv\bounds.cpp(2): warning C4627: '#include "../precompiled.h"': skipped when looking for precompiled header use
                 Add directive to 'precompiled header (.h) file' or rebuild precompiled header
         Box.cpp
     1>c:\users\johan\desktop\it266\quake4\idlib\bv\box.cpp(2): warning C4627: '#include "../precompiled.h"': skipped when looking for precompiled header use
                 Add directive to 'precompiled header (.h) file' or rebuild precompiled header
         Generating Code...
         Compiling...
         Frustum.cpp
     1>c:\users\johan\desktop\it266\quake4\idlib\bv\frustum.cpp(2): warning C4627: '#include "../precompiled.h"': skipped when looking for precompiled header use
                 Add directive to 'precompiled header (.h) file' or rebuild precompiled header
         Sphere.cpp
     1>c:\users\johan\desktop\it266\quake4\idlib\bv\sphere.cpp(2): warning C4627: '#include "../precompiled.h"': skipped when looking for precompiled header use
                 Add directive to 'precompiled header (.h) file' or rebuild precompiled header
         HashIndex.cpp
     1>c:\users\johan\desktop\it266\quake4\idlib\containers\hashindex.cpp(2): warning C4627: '#include "../precompiled.h"': skipped when looking for precompiled header use
                 Add directive to 'precompiled header (.h) file' or rebuild precompiled header
         JointTransform.cpp
     1>c:\users\johan\desktop\it266\quake4\idlib\geometry\jointtransform.cpp(2): warning C4627: '#include "../precompiled.h"': skipped when looking for precompiled header use
                 Add directive to 'precompiled header (.h) file' or rebuild precompiled header
         Surface.cpp
     1>c:\users\johan\desktop\it266\quake4\idlib\geometry\surface.cpp(2): warning C4627: '#include "../precompiled.h"': skipped when looking for precompiled header use
                 Add directive to 'precompiled header (.h) file' or rebuild precompiled header
         Surface_Patch.cpp
     1>c:\users\johan\desktop\it266\quake4\idlib\geometry\surface_patch.cpp(2): warning C4627: '#include "../precompiled.h"': skipped when looking for precompiled header use
                 Add directive to 'precompiled header (.h) file' or rebuild precompiled header
         Surface_Polytope.cpp
     1>c:\users\johan\desktop\it266\quake4\idlib\geometry\surface_polytope.cpp(2): warning C4627: '#include "../precompiled.h"': skipped when looking for precompiled header use
                 Add directive to 'precompiled header (.h) file' or rebuild precompiled header
         Surface_SweptSpline.cpp
     1>c:\users\johan\desktop\it266\quake4\idlib\geometry\surface_sweptspline.cpp(2): warning C4627: '#include "../precompiled.h"': skipped when looking for precompiled header use
                 Add directive to 'precompiled header (.h) file' or rebuild precompiled header
         TraceModel.cpp
     1>c:\users\johan\desktop\it266\quake4\idlib\geometry\tracemodel.cpp(2): warning C4627: '#include "../../idlib/precompiled.h"': skipped when looking for precompiled header use
                 Add directive to 'precompiled header (.h) file' or rebuild precompiled header
         Winding.cpp
     1>c:\users\johan\desktop\it266\quake4\idlib\geometry\winding.cpp(2): warning C4627: '#include "../precompiled.h"': skipped when looking for precompiled header use
                 Add directive to 'precompiled header (.h) file' or rebuild precompiled header
         Winding2D.cpp
     1>c:\users\johan\desktop\it266\quake4\idlib\geometry\winding2d.cpp(2): warning C4627: '#include "../precompiled.h"': skipped when looking for precompiled header use
                 Add directive to 'precompiled header (.h) file' or rebuild precompiled header
         Angles.cpp
     1>c:\users\johan\desktop\it266\quake4\idlib\math\angles.cpp(2): warning C4627: '#include "../precompiled.h"': skipped when looking for precompiled header use
                 Add directive to 'precompiled header (.h) file' or rebuild precompiled header
         Complex.cpp
     1>c:\users\johan\desktop\it266\quake4\idlib\math\complex.cpp(2): warning C4627: '#include "../precompiled.h"': skipped when looking for precompiled header use
                 Add directive to 'precompiled header (.h) file' or rebuild precompiled header
         FFT.cpp
     1>c:\users\johan\desktop\it266\quake4\idlib\math\fft.cpp(2): warning C4627: '#include "../precompiled.h"': skipped when looking for precompiled header use
                 Add directive to 'precompiled header (.h) file' or rebuild precompiled header
         Lcp.cpp
     1>c:\users\johan\desktop\it266\quake4\idlib\math\lcp.cpp(2): warning C4627: '#include "../precompiled.h"': skipped when looking for precompiled header use
                 Add directive to 'precompiled header (.h) file' or rebuild precompiled header
         Math.cpp
     1>c:\users\johan\desktop\it266\quake4\idlib\math\math.cpp(2): warning C4627: '#include "../precompiled.h"': skipped when looking for precompiled header use
                 Add directive to 'precompiled header (.h) file' or rebuild precompiled header
         Matrix.cpp
     1>c:\users\johan\desktop\it266\quake4\idlib\math\matrix.cpp(1): warning C4627: '#include "../precompiled.h"': skipped when looking for precompiled header use
                 Add directive to 'precompiled header (.h) file' or rebuild precompiled header
         Ode.cpp
     1>c:\users\johan\desktop\it266\quake4\idlib\math\ode.cpp(2): warning C4627: '#include "../precompiled.h"': skipped when looking for precompiled header use
                 Add directive to 'precompiled header (.h) file' or rebuild precompiled header
         Plane.cpp
     1>c:\users\johan\desktop\it266\quake4\idlib\math\plane.cpp(2): warning C4627: '#include "../precompiled.h"': skipped when looking for precompiled header use
                 Add directive to 'precompiled header (.h) file' or rebuild precompiled header
         Pluecker.cpp
     1>c:\users\johan\desktop\it266\quake4\idlib\math\pluecker.cpp(2): warning C4627: '#include "../precompiled.h"': skipped when looking for precompiled header use
                 Add directive to 'precompiled header (.h) file' or rebuild precompiled header
         Generating Code...
         Compiling...
         Polynomial.cpp
     1>c:\users\johan\desktop\it266\quake4\idlib\math\polynomial.cpp(2): warning C4627: '#include "../precompiled.h"': skipped when looking for precompiled header use
                 Add directive to 'precompiled header (.h) file' or rebuild precompiled header
         Quat.cpp
     1>c:\users\johan\desktop\it266\quake4\idlib\math\quat.cpp(2): warning C4627: '#include "../precompiled.h"': skipped when looking for precompiled header use
                 Add directive to 'precompiled header (.h) file' or rebuild precompiled header
         Radians.cpp
     1>c:\users\johan\desktop\it266\quake4\idlib\math\radians.cpp(1): warning C4627: '#include "../precompiled.h"': skipped when looking for precompiled header use
                 Add directive to 'precompiled header (.h) file' or rebuild precompiled header
         Rotation.cpp
     1>c:\users\johan\desktop\it266\quake4\idlib\math\rotation.cpp(2): warning C4627: '#include "../precompiled.h"': skipped when looking for precompiled header use
                 Add directive to 'precompiled header (.h) file' or rebuild precompiled header
         Simd.cpp
     1>c:\users\johan\desktop\it266\quake4\idlib\math\simd.cpp(2): warning C4627: '#include "../precompiled.h"': skipped when looking for precompiled header use
                 Add directive to 'precompiled header (.h) file' or rebuild precompiled header
         Simd_3DNow.cpp
     1>c:\users\johan\desktop\it266\quake4\idlib\math\simd_3dnow.cpp(2): warning C4627: '#include "../precompiled.h"': skipped when looking for precompiled header use
                 Add directive to 'precompiled header (.h) file' or rebuild precompiled header
         Simd_generic.cpp
     1>c:\users\johan\desktop\it266\quake4\idlib\math\simd_generic.cpp(2): warning C4627: '#include "../precompiled.h"': skipped when looking for precompiled header use
                 Add directive to 'precompiled header (.h) file' or rebuild precompiled header
         Simd_MMX.cpp
     1>c:\users\johan\desktop\it266\quake4\idlib\math\simd_mmx.cpp(1): warning C4627: '#include "../precompiled.h"': skipped when looking for precompiled header use
                 Add directive to 'precompiled header (.h) file' or rebuild precompiled header
         Simd_SSE.cpp
     1>c:\users\johan\desktop\it266\quake4\idlib\math\simd_sse.cpp(1): warning C4627: '#include "../precompiled.h"': skipped when looking for precompiled header use
                 Add directive to 'precompiled header (.h) file' or rebuild precompiled header
         Simd_SSE2.cpp
     1>c:\users\johan\desktop\it266\quake4\idlib\math\simd_sse2.cpp(2): warning C4627: '#include "../precompiled.h"': skipped when looking for precompiled header use
                 Add directive to 'precompiled header (.h) file' or rebuild precompiled header
         Simd_SSE3.cpp
     1>c:\users\johan\desktop\it266\quake4\idlib\math\simd_sse3.cpp(2): warning C4627: '#include "../precompiled.h"': skipped when looking for precompiled header use
                 Add directive to 'precompiled header (.h) file' or rebuild precompiled header
         Vector.cpp
     1>c:\users\johan\desktop\it266\quake4\idlib\math\vector.cpp(2): warning C4627: '#include "../precompiled.h"': skipped when looking for precompiled header use
                 Add directive to 'precompiled header (.h) file' or rebuild precompiled header
         CRC16.cpp
     1>c:\users\johan\desktop\it266\quake4\idlib\hashing\crc16.cpp(2): warning C4627: '#include "../precompiled.h"': skipped when looking for precompiled header use
                 Add directive to 'precompiled header (.h) file' or rebuild precompiled header
         CRC32.cpp
     1>c:\users\johan\desktop\it266\quake4\idlib\hashing\crc32.cpp(2): warning C4627: '#include "../precompiled.h"': skipped when looking for precompiled header use
                 Add directive to 'precompiled header (.h) file' or rebuild precompiled header
         CRC8.cpp
     1>c:\users\johan\desktop\it266\quake4\idlib\hashing\crc8.cpp(2): warning C4627: '#include "../precompiled.h"': skipped when looking for precompiled header use
                 Add directive to 'precompiled header (.h) file' or rebuild precompiled header
         Honeyman.cpp
     1>c:\users\johan\desktop\it266\quake4\idlib\hashing\honeyman.cpp(2): warning C4627: '#include "../precompiled.h"': skipped when looking for precompiled header use
                 Add directive to 'precompiled header (.h) file' or rebuild precompiled header
         MD4.cpp
     1>c:\users\johan\desktop\it266\quake4\idlib\hashing\md4.cpp(2): warning C4627: '#include "../precompiled.h"': skipped when looking for precompiled header use
                 Add directive to 'precompiled header (.h) file' or rebuild precompiled header
         MD5.cpp
     1>c:\users\johan\desktop\it266\quake4\idlib\hashing\md5.cpp(2): warning C4627: '#include "../precompiled.h"': skipped when looking for precompiled header use
                 Add directive to 'precompiled header (.h) file' or rebuild precompiled header
         Generating Code...
       Lib:
         C:\Program Files (x86)\Microsoft Visual Studio 12.0\VC\bin\Lib.exe /OUT:"../Win32/Debug\idLib.lib" /NOLOGO ../Win32/Debug\idLib/Base64.obj
         ../Win32/Debug\idLib/BitMsg.obj
         ../Win32/Debug\idLib/CmdArgs.obj
         ../Win32/Debug\idLib/Dict.obj
         ../Win32/Debug\idLib/Heap.obj
         ../Win32/Debug\idLib/LangDict.obj
         ../Win32/Debug\idLib/Lexer.obj
         ../Win32/Debug\idLib/LexerFactory.obj
         ../Win32/Debug\idLib/Lib.obj
         ../Win32/Debug\idLib/mapfile.obj
         ../Win32/Debug\idLib/Parser.obj
         ../Win32/Debug\idLib/rvHeap.obj
         ../Win32/Debug\idLib/rvHeapArena.obj
         ../Win32/Debug\idLib/rvMemSys.obj
         ../Win32/Debug\idLib/Str.obj
         ../Win32/Debug\idLib/TextCompiler.obj
         ../Win32/Debug\idLib/Timer.obj
         ../Win32/Debug\idLib/TimingCollection.obj
         ../Win32/Debug\idLib/Token.obj
         ../Win32/Debug\idLib/Bounds.obj
         ../Win32/Debug\idLib/Box.obj
         ../Win32/Debug\idLib/Frustum.obj
         ../Win32/Debug\idLib/Sphere.obj
         ../Win32/Debug\idLib/HashIndex.obj
         ../Win32/Debug\idLib/JointTransform.obj
         ../Win32/Debug\idLib/Surface.obj
         ../Win32/Debug\idLib/Surface_Patch.obj
         ../Win32/Debug\idLib/Surface_Polytope.obj
         ../Win32/Debug\idLib/Surface_SweptSpline.obj
         ../Win32/Debug\idLib/TraceModel.obj
         ../Win32/Debug\idLib/Winding.obj
         ../Win32/Debug\idLib/Winding2D.obj
         ../Win32/Debug\idLib/Angles.obj
         ../Win32/Debug\idLib/Complex.obj
         ../Win32/Debug\idLib/FFT.obj
         ../Win32/Debug\idLib/Lcp.obj
         ../Win32/Debug\idLib/Math.obj
         ../Win32/Debug\idLib/Matrix.obj
         ../Win32/Debug\idLib/Ode.obj
         ../Win32/Debug\idLib/Plane.obj
         ../Win32/Debug\idLib/Pluecker.obj
         ../Win32/Debug\idLib/Polynomial.obj
         ../Win32/Debug\idLib/Quat.obj
         ../Win32/Debug\idLib/Radians.obj
         ../Win32/Debug\idLib/Rotation.obj
         ../Win32/Debug\idLib/Simd.obj
         ../Win32/Debug\idLib/Simd_3DNow.obj
         ../Win32/Debug\idLib/Simd_generic.obj
         ../Win32/Debug\idLib/Simd_MMX.obj
         ../Win32/Debug\idLib/Simd_SSE.obj
         ../Win32/Debug\idLib/Simd_SSE2.obj
         ../Win32/Debug\idLib/Simd_SSE3.obj
         ../Win32/Debug\idLib/Vector.obj
         ../Win32/Debug\idLib/CRC16.obj
         ../Win32/Debug\idLib/CRC32.obj
         ../Win32/Debug\idLib/CRC8.obj
         ../Win32/Debug\idLib/Honeyman.obj
         ../Win32/Debug\idLib/MD4.obj
         ../Win32/Debug\idLib/MD5.obj
         idlib.vcxproj -> C:\Users\johan\Desktop\IT266\quake4\../Win32/Debug\idLib.lib
     1>Done Building Project "C:\Users\johan\Desktop\IT266\quake4\idlib.vcxproj" (Build target(s)).

Build succeeded.

Time Elapsed 00:00:13.34
